app/build/intermediates/manifest_merge_blame_file/debug/manifest-merger-blame-debug-report.txt
1<?xml version="1.0" encoding="utf-8"?>
2<manifest xmlns:android="http://schemas.android.com/apk/res/android"
3    package="com.prince.notekeeper"
4    android:versionCode="1"
5    android:versionName="1.0" >
6
7    <uses-sdk
8        android:minSdkVersion="23"
8-->src\main\AndroidManifest.xml
9        android:targetSdkVersion="30" />
9-->src\main\AndroidManifest.xml
10
11    <application
11-->src\main\AndroidManifest.xml:5:3-28:17
12        android:allowBackup="true"
12-->src\main\AndroidManifest.xml:6:7-33
13        android:appComponentFactory="androidx.core.app.CoreComponentFactory"
13-->[androidx.core:core:1.7.0] AndroidManifest.xml:24:18-86
14        android:debuggable="true"
15        android:extractNativeLibs="false"
16        android:icon="@mipmap/ic_launcher"
16-->src\main\AndroidManifest.xml:7:7-41
17        android:label="@string/app_name"
17-->src\main\AndroidManifest.xml:8:7-39
18        android:roundIcon="@mipmap/ic_launcher_round"
18-->src\main\AndroidManifest.xml:9:7-52
19        android:supportsRtl="true"
19-->src\main\AndroidManifest.xml:10:7-33
20        android:theme="@style/AppTheme" >
20-->src\main\AndroidManifest.xml:11:7-38
21        <activity
21-->src\main\AndroidManifest.xml:13:5-20:16
22            android:name="com.prince.notekeeper.view.NoteListActivity"
22-->src\main\AndroidManifest.xml:14:9-67
23            android:theme="@style/AppTheme.NoActionBar" >
23-->src\main\AndroidManifest.xml:15:9-52
24            <intent-filter>
24-->src\main\AndroidManifest.xml:16:7-19:23
25                <action android:name="android.intent.action.MAIN" />
25-->src\main\AndroidManifest.xml:17:9-61
25-->src\main\AndroidManifest.xml:17:17-58
26
27                <category android:name="android.intent.category.LAUNCHER" />
27-->src\main\AndroidManifest.xml:18:9-69
27-->src\main\AndroidManifest.xml:18:19-66
28            </intent-filter>
29        </activity>
30        <activity
30-->src\main\AndroidManifest.xml:22:5-26:16
31            android:name="com.prince.notekeeper.view.NoteActivity"
31-->src\main\AndroidManifest.xml:23:9-42
32            android:label="@string/title_activity_note"
32-->src\main\AndroidManifest.xml:24:9-52
33            android:theme="@style/AppTheme.NoActionBar" >
33-->src\main\AndroidManifest.xml:25:9-52
34        </activity>
35
36        <provider
36-->[androidx.emoji2:emoji2:1.0.0] AndroidManifest.xml:26:9-34:20
37            android:name="androidx.startup.InitializationProvider"
37-->[androidx.emoji2:emoji2:1.0.0] AndroidManifest.xml:27:13-67
38            android:authorities="com.prince.notekeeper.androidx-startup"
38-->[androidx.emoji2:emoji2:1.0.0] AndroidManifest.xml:28:13-68
39            android:exported="false" >
39-->[androidx.emoji2:emoji2:1.0.0] AndroidManifest.xml:29:13-37
40            <meta-data
40-->[androidx.emoji2:emoji2:1.0.0] AndroidManifest.xml:31:13-33:52
41                android:name="androidx.emoji2.text.EmojiCompatInitializer"
41-->[androidx.emoji2:emoji2:1.0.0] AndroidManifest.xml:32:17-75
42                android:value="androidx.startup" />
42-->[androidx.emoji2:emoji2:1.0.0] AndroidManifest.xml:33:17-49
43            <meta-data
43-->[androidx.lifecycle:lifecycle-process:2.4.0] AndroidManifest.xml:31:13-33:52
44                android:name="androidx.lifecycle.ProcessLifecycleInitializer"
44-->[androidx.lifecycle:lifecycle-process:2.4.0] AndroidManifest.xml:32:17-78
45                android:value="androidx.startup" />
45-->[androidx.lifecycle:lifecycle-process:2.4.0] AndroidManifest.xml:33:17-49
46        </provider>
47    </application>
48
49</manifest>